<?xml version="1.0" encoding="utf-8"?><testsuites name="pytest tests"><testsuite name="pytest" errors="0" failures="0" skipped="0" tests="18" time="2.353" timestamp="2026-01-26T12:42:12.925173+00:00" hostname="agent-env-139eac04-14cf-41b2-bf96-60d0e06b97e5"><testcase classname="backend.tests.test_cms_api.TestCMSEndpoints" name="test_get_cms_home_page" time="0.093" /><testcase classname="backend.tests.test_cms_api.TestCMSEndpoints" name="test_get_cms_about_page" time="0.073" /><testcase classname="backend.tests.test_cms_api.TestCMSEndpoints" name="test_get_cms_courses_page" time="0.040" /><testcase classname="backend.tests.test_cms_api.TestCMSEndpoints" name="test_get_cms_contact_page" time="0.040" /><testcase classname="backend.tests.test_cms_api.TestCMSEndpoints" name="test_get_cms_global_page" time="0.033" /><testcase classname="backend.tests.test_cms_api.TestCMSEndpoints" name="test_get_cms_nonexistent_page" time="0.037" /><testcase classname="backend.tests.test_cms_api.TestCMSEndpoints" name="test_update_cms_without_auth" time="0.038" /><testcase classname="backend.tests.test_cms_api.TestCMSEndpoints" name="test_update_cms_with_admin_auth" time="0.314" /><testcase classname="backend.tests.test_cms_api.TestCMSEndpoints" name="test_cms_content_persists" time="0.078" /><testcase classname="backend.tests.test_cms_api.TestCMSEndpoints" name="test_update_cms_hero_section" time="0.036" /><testcase classname="backend.tests.test_cms_api.TestCMSEndpoints" name="test_update_cms_about_page" time="0.035" /><testcase classname="backend.tests.test_cms_api.TestCMSEndpoints" name="test_update_cms_global_navbar" time="0.035" /><testcase classname="backend.tests.test_cms_api.TestCMSEndpoints" name="test_update_cms_footer" time="0.038" /><testcase classname="backend.tests.test_cms_api.TestAdminAuthentication" name="test_admin_login_with_correct_credentials" time="0.262" /><testcase classname="backend.tests.test_cms_api.TestAdminAuthentication" name="test_admin_login_with_wrong_password" time="0.257" /><testcase classname="backend.tests.test_cms_api.TestAdminAuthentication" name="test_non_admin_cannot_update_cms" time="0.338" /><testcase classname="backend.tests.test_cms_api.TestCMSDataIntegrity" name="test_cms_update_preserves_other_sections" time="0.369" /><testcase classname="backend.tests.test_cms_api.TestCMSDataIntegrity" name="test_cms_update_with_special_characters" time="0.119" /></testsuite></testsuites>